<?xml version="1.0" encoding="UTF-8"?>
<testng-results ignored="0" total="1" passed="1" failed="0" skipped="0">
  <reporter-output>
  </reporter-output>
  <suite started-at="2023-03-26T12:04:12 EDT" name="Surefire suite" finished-at="2023-03-26T12:04:20 EDT" duration-ms="7984">
    <groups>
      <group name="cucumber">
        <method signature="AbstractTestNGCucumberTests.runScenario(io.cucumber.testng.PickleWrapper, io.cucumber.testng.FeatureWrapper)[pri:0, instance:TestRunner@10b48321]" name="runScenario" class="io.cucumber.testng.AbstractTestNGCucumberTests"/>
      </group> <!-- cucumber -->
    </groups>
    <test started-at="2023-03-26T12:04:12 EDT" name="Surefire test" finished-at="2023-03-26T12:04:20 EDT" duration-ms="7984">
      <class name="TestRunner">
        <test-method is-config="true" signature="setUpClass()[pri:0, instance:TestRunner@10b48321]" started-at="2023-03-26T12:04:12 EDT" name="setUpClass" finished-at="2023-03-26T12:04:12 EDT" duration-ms="460" status="PASS">
          <reporter-output>
          </reporter-output>
        </test-method> <!-- setUpClass -->
        <test-method signature="runScenario(io.cucumber.testng.PickleWrapper, io.cucumber.testng.FeatureWrapper)[pri:0, instance:TestRunner@10b48321]" started-at="2023-03-26T12:04:12 EDT" name="runScenario" description="Runs Cucumber Scenarios" data-provider="scenarios" finished-at="2023-03-26T12:04:20 EDT" duration-ms="7354" status="PASS">
          <params>
            <param index="0">
              <value>
                <![CDATA["User should be able to create brand new TalTekTC account"]]>
              </value>
            </param>
            <param index="1">
              <value>
                <![CDATA["Optional[Signup Feature]"]]>
              </value>
            </param>
          </params>
          <reporter-output>
          </reporter-output>
        </test-method> <!-- runScenario -->
        <test-method is-config="true" signature="tearDownClass()[pri:0, instance:TestRunner@10b48321]" started-at="2023-03-26T12:04:20 EDT" name="tearDownClass" finished-at="2023-03-26T12:04:20 EDT" duration-ms="132" status="PASS">
          <reporter-output>
          </reporter-output>
        </test-method> <!-- tearDownClass -->
      </class> <!-- TestRunner -->
    </test> <!-- Surefire test -->
  </suite> <!-- Surefire suite -->
</testng-results>
