-------------------------------------------------------------------------------
Test set: TestRunner
-------------------------------------------------------------------------------
Tests run: 3, Failures: 2, Errors: 0, Skipped: 0, Time elapsed: 12.439 s <<< FAILURE! - in TestRunner
TestRunner.runScenario["User should be able to login with valid credentials", "Optional[Login Feature]"](1)  Time elapsed: 4.912 s  <<< FAILURE!
io.cucumber.testng.UndefinedStepException: 
The step 'user enter valid password' and 2 other step(s) are undefined.
You can implement these steps using the snippet(s) below:

@Given("user enter valid password")
public void user_enter_valid_password() {
    // Write code here that turns the phrase above into concrete actions
    throw new io.cucumber.java.PendingException();
}
@When("user clicks on login button")
public void user_clicks_on_login_button() {
    // Write code here that turns the phrase above into concrete actions
    throw new io.cucumber.java.PendingException();
}
@Then("user should be able to successfully log in")
public void user_should_be_able_to_successfully_log_in() {
    // Write code here that turns the phrase above into concrete actions
    throw new io.cucumber.java.PendingException();
}


TestRunner.runScenario["User should not be able to login with valid email and invalid password", "Optional[Login Feature]"](2)  Time elapsed: 3.365 s  <<< FAILURE!
io.cucumber.testng.UndefinedStepException: 
The step 'User in TalentTEK Homepage' and 4 other step(s) are undefined.
You can implement these steps using the snippet(s) below:

@Given("User in TalentTEK Homepage")
public void user_in_talent_tek_homepage() {
    // Write code here that turns the phrase above into concrete actions
    throw new io.cucumber.java.PendingException();
}
@Given("User enter valid email address")
public void user_enter_valid_email_address() {
    // Write code here that turns the phrase above into concrete actions
    throw new io.cucumber.java.PendingException();
}
@Given("User enter invalid password")
public void user_enter_invalid_password() {
    // Write code here that turns the phrase above into concrete actions
    throw new io.cucumber.java.PendingException();
}
@When("User clicks on Log In button")
public void user_clicks_on_log_in_button() {
    // Write code here that turns the phrase above into concrete actions
    throw new io.cucumber.java.PendingException();
}
@Then("User should be able to see {string}")
public void user_should_be_able_to_see(String string) {
    // Write code here that turns the phrase above into concrete actions
    throw new io.cucumber.java.PendingException();
}


